TN:
SF:src/adapters/_node-bridge.ts
FN:32,readNodeBody
FN:63,buildWebRequest
FN:88,writeNodeResponse
FNF:3
FNH:3
FNDA:8,readNodeBody
FNDA:13,buildWebRequest
FNDA:3,writeNodeResponse
DA:32,1
DA:33,8
DA:34,8
DA:35,8
DA:38,5
DA:39,8
DA:40,8
DA:41,5
DA:42,5
DA:43,5
DA:44,5
DA:45,5
DA:46,5
DA:47,5
DA:48,5
DA:49,5
DA:50,8
DA:51,8
DA:52,8
DA:53,8
DA:63,1
DA:64,13
DA:65,13
DA:66,13
DA:67,13
DA:68,13
DA:69,13
DA:70,11
DA:71,10
DA:72,11
DA:73,13
DA:74,13
DA:75,13
DA:78,13
DA:79,13
DA:80,13
DA:88,3
DA:89,3
DA:90,3
DA:91,3
DA:92,3
DA:93,3
DA:94,3
DA:95,3
DA:96,3
LF:45
LH:45
BRDA:32,0,0,8
BRDA:33,1,0,8
BRDA:35,2,0,5
BRDA:40,3,0,5
BRDA:63,4,0,13
BRDA:69,5,0,11
BRDA:70,6,0,1
BRDA:70,7,0,10
BRDA:71,8,0,9
BRDA:73,9,0,1
BRDA:74,10,0,1
BRDA:88,11,0,3
BRDA:93,12,0,3
BRF:13
BRH:13
end_of_record
TN:
SF:src/adapters/next/app-router.ts
FN:26,createNextRouteHandler
FNF:1
FNH:1
FNDA:4,createNextRouteHandler
DA:1,1
DA:26,1
DA:27,4
DA:28,4
DA:29,4
DA:30,4
LF:6
LH:6
BRDA:26,0,0,4
BRF:1
BRH:1
end_of_record
TN:
SF:src/adapters/next/pages-router.ts
FN:34,createNextApiHandler
FNF:1
FNH:1
FNDA:2,createNextApiHandler
DA:1,1
DA:34,1
DA:35,2
DA:36,2
DA:37,2
DA:38,2
DA:39,2
DA:40,2
DA:41,2
DA:42,2
DA:43,2
DA:44,2
DA:50,1
LF:13
LH:13
BRDA:34,0,0,2
BRDA:38,1,0,2
BRF:2
BRH:2
end_of_record
TN:
SF:src/core/crypto.ts
FN:17,hmacSha256
FN:46,timingSafeEqual
FNF:2
FNH:2
FNDA:118,hmacSha256
FNDA:57,timingSafeEqual
DA:1,1
DA:17,118
DA:18,118
DA:19,118
DA:20,118
DA:21,118
DA:22,118
DA:23,118
DA:28,118
DA:29,118
DA:30,118
DA:31,118
DA:32,118
DA:33,118
DA:34,118
DA:35,118
DA:46,1
DA:47,57
DA:48,57
DA:49,57
DA:53,1676
DA:54,1676
DA:55,57
DA:56,57
LF:24
LH:24
BRDA:17,0,0,118
BRDA:21,1,0,116
BRDA:21,2,0,2
BRDA:46,3,0,57
BRDA:49,4,0,1676
BRDA:53,5,0,1
BRDA:53,6,0,1
BRF:7
BRH:7
end_of_record
TN:
SF:src/core/encoding.ts
FN:16,encodeUtf8
FN:25,toHex
FN:40,fromHex
FN:61,concatBytes
FNF:4
FNH:4
FNDA:316,encodeUtf8
FNDA:69,toHex
FNDA:59,fromHex
FNDA:114,concatBytes
DA:7,1
DA:16,1
DA:25,1
DA:26,69
DA:27,69
DA:28,2092
DA:29,2092
DA:30,69
DA:31,69
DA:40,1
DA:41,59
DA:42,1
DA:43,1
DA:44,58
DA:45,59
DA:46,1678
DA:47,1678
DA:48,2
DA:49,2
DA:50,1676
DA:51,1676
DA:52,56
DA:53,56
DA:61,1
DA:62,114
DA:63,114
DA:64,114
DA:65,114
DA:66,114
DA:67,227
DA:68,227
DA:69,227
DA:70,114
DA:71,114
LF:34
LH:34
BRDA:16,0,0,316
BRDA:25,1,0,69
BRDA:27,2,0,2092
BRDA:40,3,0,59
BRDA:41,4,0,1
BRDA:43,5,0,58
BRDA:45,6,0,1678
BRDA:47,7,0,2
BRDA:49,8,0,1676
BRDA:51,9,0,56
BRDA:61,10,0,114
BRDA:63,11,0,227
BRDA:66,12,0,227
BRF:13
BRH:13
end_of_record
TN:
SF:src/core/result.ts
FN:29,ok
FN:37,err
FN:45,isOk
FN:53,isErr
FNF:4
FNH:4
FNDA:86,ok
FNDA:23,err
FNDA:35,isOk
FNDA:18,isErr
DA:29,1
DA:37,1
DA:45,1
DA:53,1
LF:4
LH:4
BRDA:29,0,0,86
BRDA:37,1,0,23
BRDA:45,2,0,35
BRDA:53,3,0,18
BRF:4
BRH:4
end_of_record
TN:
SF:src/core/time.ts
FN:12,systemClock
FNF:1
FNH:1
FNDA:48,systemClock
DA:12,1
LF:1
LH:1
BRDA:12,0,0,48
BRF:1
BRH:1
end_of_record
TN:
SF:src/errors/base.ts
FN:46,<instance_members_initializer>
FN:50,PaySuiteError
FN:72,toJSON
FN:84,serializeCause
FNF:4
FNH:4
FNDA:79,<instance_members_initializer>
FNDA:79,PaySuiteError
FNDA:9,toJSON
FNDA:3,serializeCause
DA:44,1
DA:46,1
DA:48,79
DA:50,1
DA:51,79
DA:52,79
DA:53,79
DA:54,79
DA:55,21
DA:56,21
DA:57,79
DA:61,23
DA:62,23
DA:63,79
DA:72,1
DA:73,9
DA:74,9
DA:75,9
DA:76,9
DA:77,9
DA:78,9
DA:79,9
DA:80,9
DA:81,9
DA:82,1
DA:84,3
DA:85,3
DA:86,3
DA:87,1
DA:88,1
LF:30
LH:30
BRDA:46,0,0,79
BRDA:50,1,0,79
BRDA:54,2,0,21
BRDA:57,3,0,23
BRDA:72,4,0,9
BRDA:78,5,0,4
BRDA:79,6,0,3
BRDA:84,7,0,3
BRDA:85,8,0,1
BRDA:85,9,0,2
BRDA:86,10,0,1
BRF:11
BRH:11
end_of_record
TN:
SF:src/errors/codes.ts
FNF:0
FNH:0
DA:11,1
DA:12,1
DA:13,1
DA:14,1
DA:15,1
DA:16,1
DA:17,1
DA:18,1
DA:19,1
DA:20,1
DA:21,1
DA:22,1
DA:23,1
LF:13
LH:13
BRF:0
BRH:0
end_of_record
TN:
SF:src/events/dispatcher.ts
FN:97,createDispatcher
FN:101,makeDispatcher
FN:105,on
FN:120,onAny
FN:126,build
FN:135,dispatch
FNF:6
FNH:6
FNDA:65,createDispatcher
FNDA:94,makeDispatcher
FNDA:21,on
FNDA:8,onAny
FNDA:66,build
FNDA:43,dispatch
DA:97,1
DA:98,65
DA:99,65
DA:101,94
DA:102,94
DA:103,94
DA:104,94
DA:105,94
DA:106,21
DA:107,21
DA:108,21
DA:109,21
DA:114,21
DA:115,21
DA:116,21
DA:117,21
DA:118,21
DA:119,21
DA:120,94
DA:121,8
DA:122,8
DA:123,8
DA:124,8
DA:125,8
DA:126,94
DA:127,66
DA:128,66
DA:132,66
DA:133,66
DA:134,66
DA:135,66
DA:136,43
DA:137,43
DA:138,43
DA:139,43
DA:140,66
DA:141,66
DA:142,94
DA:143,94
LF:39
LH:39
BRDA:97,0,0,65
BRDA:101,1,0,94
BRDA:105,2,0,21
BRDA:120,3,0,8
BRDA:126,4,0,66
BRDA:135,5,0,43
BRDA:137,6,0,16
BRDA:137,7,0,38
BRDA:138,8,0,8
BRDA:138,9,0,38
BRF:10
BRH:10
end_of_record
TN:
SF:src/events/filters.ts
FN:16,isSubscriptionEvent
FN:28,isInvoiceEvent
FN:40,isCheckoutSessionEvent
FNF:3
FNH:3
FNDA:8,isSubscriptionEvent
FNDA:5,isInvoiceEvent
FNDA:4,isCheckoutSessionEvent
DA:16,1
DA:17,8
DA:18,8
DA:19,8
DA:20,8
DA:28,1
DA:29,5
DA:30,5
DA:31,5
DA:32,5
DA:40,1
DA:41,4
DA:42,4
DA:43,4
DA:44,4
LF:15
LH:15
BRDA:16,0,0,8
BRDA:28,1,0,5
BRDA:40,2,0,4
BRF:3
BRH:3
end_of_record
TN:
SF:src/events/types.ts
FN:1,(empty-report)
FNF:1
FNH:1
FNDA:1,(empty-report)
LF:0
LH:0
BRDA:1,0,0,1
BRF:1
BRH:1
end_of_record
TN:
SF:src/idempotency/guard.ts
FN:45,withIdempotency
FNF:1
FNH:1
FNDA:52,withIdempotency
DA:1,1
DA:45,52
DA:46,52
DA:47,52
DA:48,52
DA:49,52
DA:50,52
DA:51,52
DA:52,52
DA:54,52
DA:55,52
DA:56,52
DA:59,42
DA:60,42
DA:61,42
DA:62,52
DA:63,6
DA:64,6
DA:65,5
DA:68,1
DA:69,6
DA:70,6
DA:71,36
DA:72,36
DA:73,36
LF:25
LH:25
BRDA:45,0,0,52
BRDA:51,1,0,12
BRDA:52,2,0,12
BRDA:55,3,0,6
BRDA:55,4,0,46
BRDA:56,5,0,4
BRDA:56,6,0,42
BRDA:61,7,0,36
BRDA:62,8,0,6
BRDA:64,9,0,5
BRDA:65,10,0,1
BRDA:70,11,0,36
BRF:12
BRH:12
end_of_record
TN:
SF:src/idempotency/store.ts
FN:106,createMemoryStore
FN:113,purgeIfExpired
FN:120,sweepAndEvict
FN:136,claim
FN:146,commit
FN:161,release
FN:167,delete
FNF:7
FNH:7
FNDA:89,createMemoryStore
FNDA:98,purgeIfExpired
FNDA:3,sweepAndEvict
FNDA:98,claim
FNDA:51,commit
FNDA:10,release
FNDA:4,delete
DA:1,1
DA:80,1
DA:106,1
DA:107,89
DA:108,89
DA:109,89
DA:110,89
DA:111,89
DA:113,89
DA:114,98
DA:115,98
DA:116,2
DA:117,2
DA:118,98
DA:120,89
DA:121,3
DA:122,3
DA:123,7
DA:124,7
DA:125,3
DA:129,3
DA:130,4
DA:131,2
DA:132,4
DA:133,3
DA:135,89
DA:136,89
DA:137,98
DA:138,98
DA:139,98
DA:140,98
DA:141,16
DA:142,16
DA:143,82
DA:144,82
DA:145,98
DA:146,89
DA:147,51
DA:148,51
DA:152,2
DA:153,2
DA:154,2
DA:155,2
DA:156,2
DA:157,2
DA:158,2
DA:159,49
DA:160,51
DA:161,89
DA:162,10
DA:163,10
DA:164,8
DA:165,8
DA:166,10
DA:167,89
DA:168,4
DA:169,4
DA:170,89
DA:171,89
LF:59
LH:59
BRDA:106,0,0,89
BRDA:109,1,0,85
BRDA:110,2,0,87
BRDA:109,3,0,132
BRDA:113,4,0,98
BRDA:115,5,0,18
BRDA:115,6,0,2
BRDA:120,7,0,3
BRDA:122,8,0,7
BRDA:123,9,0,3
BRDA:125,10,0,1
BRDA:125,11,0,2
BRDA:129,12,0,4
BRDA:130,13,0,2
BRDA:132,14,0,2
BRDA:136,15,0,98
BRDA:138,16,0,3
BRDA:140,17,0,16
BRDA:141,18,0,10
BRDA:141,19,0,6
BRDA:142,20,0,82
BRDA:146,21,0,51
BRDA:148,22,0,50
BRDA:148,23,0,2
BRDA:156,24,0,1
BRDA:156,25,0,1
BRDA:158,26,0,49
BRDA:161,27,0,10
BRDA:163,28,0,9
BRDA:163,29,0,8
BRDA:167,30,0,4
BRF:31
BRH:31
end_of_record
TN:
SF:src/idempotency/ttl.ts
FNF:0
FNH:0
DA:6,1
DA:13,1
LF:2
LH:2
BRF:0
BRH:0
end_of_record
TN:
SF:src/plans/define.ts
FN:25,definePlans
FNF:1
FNH:1
FNDA:3,definePlans
DA:25,1
DA:30,3
DA:31,3
LF:3
LH:3
BRDA:25,0,0,3
BRF:1
BRH:1
end_of_record
TN:
SF:src/plans/resolve.ts
FN:28,resolveFeatures
FN:66,hasFeature
FN:94,isFeatureEnabled
FNF:3
FNH:3
FNDA:13,resolveFeatures
FNDA:5,hasFeature
FNDA:4,isFeatureEnabled
DA:1,1
DA:28,1
DA:29,13
DA:30,13
DA:31,13
DA:35,13
DA:36,13
DA:37,23
DA:38,23
DA:39,23
DA:43,9
DA:44,9
DA:45,23
DA:46,4
DA:47,4
DA:66,1
DA:67,5
DA:68,5
DA:69,5
DA:70,5
DA:71,5
DA:72,5
DA:73,2
DA:74,2
DA:75,2
DA:76,2
DA:77,2
DA:78,2
DA:79,3
DA:80,3
DA:94,1
DA:95,4
DA:96,4
DA:97,4
DA:98,4
DA:99,4
DA:100,4
DA:101,3
DA:102,3
LF:39
LH:39
BRDA:28,0,0,13
BRDA:36,1,0,23
BRDA:38,2,0,0
BRDA:39,3,0,9
BRDA:45,4,0,4
BRDA:66,5,0,5
BRDA:72,6,0,3
BRDA:72,7,0,2
BRDA:94,8,0,4
BRDA:100,9,0,1
BRDA:100,10,0,3
BRF:11
BRH:10
end_of_record
TN:
SF:src/plans/types.ts
FN:1,(empty-report)
FNF:1
FNH:1
FNDA:1,(empty-report)
LF:0
LH:0
BRDA:1,0,0,1
BRF:1
BRH:1
end_of_record
TN:
SF:src/state-machine/reducer.ts
FN:71,reduceSubscription
FN:100,extractPriceId
FN:113,extractPeriods
FNF:3
FNH:3
FNDA:15,reduceSubscription
FNDA:14,extractPriceId
FNDA:14,extractPeriods
DA:71,1
DA:72,15
DA:73,15
DA:74,15
DA:75,15
DA:77,15
DA:78,1
DA:79,1
DA:81,14
DA:82,14
DA:83,14
DA:84,15
DA:90,15
DA:91,15
DA:92,15
DA:93,15
DA:94,15
DA:95,15
DA:96,15
DA:97,15
DA:98,15
DA:100,14
DA:101,14
DA:102,14
DA:103,6
DA:104,6
DA:113,14
DA:114,14
DA:120,14
DA:124,14
DA:125,14
DA:126,14
DA:127,14
LF:33
LH:33
BRDA:71,0,0,15
BRDA:77,1,0,6
BRDA:77,2,0,1
BRDA:79,3,0,14
BRDA:84,4,0,13
BRDA:84,5,0,1
BRDA:100,6,0,14
BRDA:102,7,0,8
BRDA:102,8,0,6
BRDA:113,9,0,14
BRDA:124,10,0,6
BRDA:124,11,0,10
BRDA:124,12,0,1
BRDA:125,13,0,6
BRDA:125,14,0,10
BRDA:125,15,0,1
BRF:16
BRH:16
end_of_record
TN:
SF:src/state-machine/status.ts
FNF:0
FNH:0
DA:23,1
DA:24,1
DA:25,1
DA:26,1
DA:27,1
DA:28,1
DA:29,1
DA:30,1
DA:31,1
DA:32,1
LF:10
LH:10
BRF:0
BRH:0
end_of_record
TN:
SF:src/state-machine/transition-router.ts
FN:76,createTransitionRouter
FN:78,key
FN:81,on
FN:92,run
FNF:4
FNH:4
FNDA:9,createTransitionRouter
FNDA:21,key
FNDA:12,on
FNDA:9,run
DA:76,1
DA:77,9
DA:78,9
DA:80,9
DA:81,9
DA:82,12
DA:83,12
DA:88,12
DA:89,12
DA:90,12
DA:91,12
DA:92,9
DA:93,9
DA:94,9
DA:95,9
DA:96,10
DA:97,9
DA:98,9
DA:99,9
DA:100,9
DA:101,9
LF:21
LH:21
BRDA:76,0,0,9
BRDA:78,1,0,21
BRDA:81,2,0,12
BRDA:83,3,0,10
BRDA:92,4,0,9
BRDA:94,5,0,1
BRDA:94,6,0,8
BRDA:95,7,0,10
BRDA:96,8,0,9
BRDA:97,9,0,7
BRF:10
BRH:10
end_of_record
TN:
SF:src/state-machine/transitions.ts
FN:46,validateSubscriptionTransition
FNF:1
FNH:1
FNDA:30,validateSubscriptionTransition
DA:1,1
DA:6,1
DA:7,1
DA:8,1
DA:9,1
DA:10,1
DA:11,1
DA:12,1
DA:13,1
DA:14,1
DA:15,1
DA:21,1
DA:23,1
DA:46,1
DA:47,30
DA:48,30
DA:49,30
DA:50,30
DA:51,29
DA:52,30
DA:53,3
DA:54,3
DA:55,3
DA:56,3
DA:57,3
DA:58,3
DA:59,3
DA:60,3
LF:28
LH:28
BRDA:46,0,0,30
BRDA:50,1,0,1
BRDA:50,2,0,29
BRDA:52,3,0,26
BRDA:52,4,0,3
BRF:5
BRH:5
end_of_record
TN:
SF:src/webhooks/handler.ts
FN:88,createWebhookHandler
FN:107,webhookHandler
FN:143,__vite_ssr_import_2__.withIdempotency.claimTtlSeconds.claimTtlSeconds
FN:181,plainText
FN:188,safeCall
FNF:5
FNH:5
FNDA:52,createWebhookHandler
FNDA:52,webhookHandler
FNDA:33,__vite_ssr_import_2__.withIdempotency.claimTtlSeconds.claimTtlSeconds
FNDA:52,plainText
FNDA:6,safeCall
DA:1,1
DA:88,1
DA:89,52
DA:90,52
DA:92,52
DA:93,2
DA:94,2
DA:95,2
DA:96,2
DA:97,2
DA:99,52
DA:100,52
DA:101,52
DA:102,52
DA:103,52
DA:104,52
DA:105,52
DA:107,52
DA:108,52
DA:109,52
DA:110,7
DA:111,7
DA:113,45
DA:114,45
DA:115,45
DA:116,52
DA:117,1
DA:118,1
DA:119,1
DA:120,1
DA:121,1
DA:123,44
DA:124,44
DA:125,44
DA:126,44
DA:127,44
DA:128,52
DA:130,44
DA:131,52
DA:132,5
DA:133,5
DA:134,5
DA:136,39
DA:137,39
DA:139,39
DA:140,39
DA:141,39
DA:142,39
DA:143,39
DA:144,33
DA:145,33
DA:146,39
DA:147,39
DA:149,52
DA:150,6
DA:151,3
DA:152,3
DA:153,3
DA:154,3
DA:157,3
DA:158,3
DA:159,29
DA:160,52
DA:161,4
DA:162,2
DA:163,2
DA:164,2
DA:165,1
DA:166,1
DA:167,1
DA:168,1
DA:169,1
DA:170,2
DA:171,4
DA:172,4
DA:173,4
DA:174,4
DA:175,4
DA:176,4
DA:177,4
DA:178,52
DA:179,52
DA:181,52
DA:182,52
DA:183,52
DA:184,52
DA:185,52
DA:186,52
DA:188,6
DA:189,6
DA:190,3
DA:191,3
DA:192,4
DA:194,1
DA:195,6
LF:95
LH:95
BRDA:88,0,0,52
BRDA:92,1,0,51
BRDA:92,2,0,2
BRDA:97,3,0,50
BRDA:99,4,0,41
BRDA:100,5,0,50
BRDA:101,6,0,50
BRDA:105,7,0,49
BRDA:107,8,0,52
BRDA:109,9,0,49
BRDA:109,10,0,7
BRDA:111,11,0,46
BRDA:111,12,0,45
BRDA:115,13,0,44
BRDA:116,14,0,1
BRDA:118,15,0,0
BRDA:121,16,0,44
BRDA:128,17,0,0
BRDA:128,18,0,44
BRDA:131,19,0,5
BRDA:132,20,0,1
BRDA:134,21,0,44
BRDA:134,22,0,39
BRDA:147,23,0,35
BRDA:149,24,0,40
BRDA:149,25,0,6
BRDA:150,26,0,3
BRDA:158,27,0,29
BRDA:160,28,0,4
BRDA:161,29,0,2
BRDA:164,30,0,1
BRDA:167,31,0,0
BRDA:171,32,0,1
BRDA:174,33,0,1
BRDA:174,34,0,0
BRDA:143,35,0,33
BRDA:144,36,0,29
BRDA:181,37,0,52
BRDA:188,38,0,6
BRDA:189,39,0,3
BRDA:189,40,0,4
BRDA:189,41,0,3
BRDA:192,42,0,1
BRF:43
BRH:39
end_of_record
TN:
SF:src/webhooks/headers.ts
FN:28,parseSignatureHeader
FNF:1
FNH:1
FNDA:77,parseSignatureHeader
DA:28,1
DA:29,77
DA:31,76
DA:32,76
DA:34,77
DA:35,150
DA:36,150
DA:37,149
DA:38,150
DA:39,147
DA:40,147
DA:42,150
DA:43,74
DA:46,74
DA:47,70
DA:48,150
DA:49,72
DA:50,71
DA:51,71
DA:53,150
DA:55,77
DA:56,77
DA:57,67
DA:58,67
LF:24
LH:24
BRDA:28,0,0,77
BRDA:29,1,0,1
BRDA:29,2,0,76
BRDA:34,3,0,150
BRDA:36,4,0,1
BRDA:36,5,0,149
BRDA:38,6,0,2
BRDA:38,7,0,147
BRDA:42,8,0,74
BRDA:46,9,0,71
BRDA:46,10,0,4
BRDA:46,11,0,70
BRDA:48,12,0,73
BRDA:48,13,0,72
BRDA:49,14,0,1
BRDA:49,15,0,71
BRDA:53,16,0,69
BRDA:55,17,0,1
BRDA:55,18,0,68
BRDA:56,19,0,1
BRDA:56,20,0,67
BRF:21
BRH:21
end_of_record
TN:
SF:src/webhooks/parser.ts
FN:26,parseEvent
FN:76,isStripeEventShape
FNF:2
FNH:2
FNDA:65,parseEvent
FNDA:62,isStripeEventShape
DA:1,1
DA:7,1
DA:26,1
DA:27,65
DA:28,65
DA:29,65
DA:30,65
DA:31,12
DA:32,65
DA:33,53
DA:34,53
DA:35,53
DA:36,53
DA:37,1
DA:38,1
DA:39,1
DA:40,1
DA:41,1
DA:42,1
DA:43,1
DA:44,1
DA:45,53
DA:47,64
DA:48,64
DA:49,64
DA:50,65
DA:51,2
DA:52,2
DA:53,2
DA:54,2
DA:55,2
DA:56,2
DA:57,2
DA:58,2
DA:60,65
DA:61,11
DA:62,11
DA:63,11
DA:64,11
DA:65,11
DA:66,11
DA:67,11
DA:73,51
DA:74,51
DA:76,62
DA:77,62
DA:78,62
DA:79,62
DA:80,62
DA:81,62
DA:82,62
DA:83,62
DA:87,54
DA:88,62
DA:89,51
DA:90,51
LF:56
LH:56
BRDA:26,0,0,65
BRDA:30,1,0,12
BRDA:32,2,0,53
BRDA:33,3,0,52
BRDA:33,4,0,1
BRDA:36,5,0,1
BRDA:45,6,0,64
BRDA:50,7,0,2
BRDA:58,8,0,62
BRDA:60,9,0,11
BRDA:67,10,0,51
BRDA:76,11,0,62
BRDA:79,12,0,60
BRDA:79,13,0,3
BRDA:79,14,0,61
BRDA:79,15,0,59
BRDA:80,16,0,58
BRDA:80,17,0,2
BRDA:80,18,0,61
BRDA:80,19,0,57
BRDA:81,20,0,56
BRDA:81,21,0,1
BRDA:81,22,0,61
BRDA:81,23,0,56
BRDA:82,24,0,55
BRDA:82,25,0,55
BRDA:82,26,0,1
BRDA:82,27,0,55
BRDA:83,28,0,1
BRDA:83,29,0,61
BRDA:83,30,0,54
BRDA:88,31,0,53
BRDA:88,32,0,52
BRDA:88,33,0,52
BRDA:88,34,0,3
BRDA:88,35,0,51
BRF:36
BRH:36
end_of_record
TN:
SF:src/webhooks/verifier.ts
FN:83,verifyStripeSignature
FN:234,verifyStripeSignatureFromText
FNF:2
FNH:2
FNDA:65,verifyStripeSignature
FNDA:2,verifyStripeSignatureFromText
DA:1,1
DA:19,1
DA:21,1
DA:83,65
DA:85,65
DA:86,2
DA:87,2
DA:88,2
DA:89,2
DA:90,2
DA:93,65
DA:94,1
DA:95,1
DA:96,1
DA:97,1
DA:98,1
DA:99,1
DA:100,1
DA:101,1
DA:102,62
DA:103,65
DA:104,1
DA:105,1
DA:106,1
DA:107,1
DA:108,1
DA:109,1
DA:110,1
DA:111,1
DA:114,61
DA:115,65
DA:117,65
DA:118,3
DA:119,3
DA:120,3
DA:121,3
DA:122,3
DA:123,3
DA:124,3
DA:125,3
DA:126,65
DA:127,1
DA:128,1
DA:129,1
DA:130,1
DA:131,1
DA:132,1
DA:133,1
DA:134,1
DA:137,65
DA:138,65
DA:139,65
DA:140,65
DA:141,3
DA:142,3
DA:143,3
DA:144,3
DA:145,3
DA:146,3
DA:147,3
DA:148,3
DA:149,3
DA:150,65
DA:151,1
DA:152,1
DA:153,1
DA:154,1
DA:155,1
DA:156,1
DA:157,1
DA:158,1
DA:159,1
DA:162,53
DA:163,53
DA:164,53
DA:166,53
DA:167,61
DA:172,54
DA:173,53
DA:174,53
DA:175,53
DA:176,54
DA:178,1
DA:179,1
DA:180,54
DA:181,50
DA:182,50
DA:183,50
DA:184,54
DA:186,65
DA:187,3
DA:188,3
DA:189,3
DA:190,3
DA:191,3
DA:192,3
DA:193,3
DA:194,3
DA:201,50
DA:202,65
DA:203,2
DA:204,2
DA:205,2
DA:206,2
DA:207,2
DA:208,2
DA:209,2
DA:210,2
DA:211,2
DA:213,48
DA:214,48
DA:234,2
DA:244,2
DA:245,2
DA:246,2
DA:247,2
DA:248,2
DA:249,2
DA:250,2
DA:251,2
DA:252,2
DA:253,2
LF:122
LH:122
BRDA:83,0,0,65
BRDA:85,1,0,64
BRDA:85,2,0,2
BRDA:90,3,0,63
BRDA:93,4,0,1
BRDA:101,5,0,62
BRDA:103,6,0,1
BRDA:111,7,0,61
BRDA:115,8,0,16
BRDA:115,9,0,45
BRDA:117,10,0,3
BRDA:125,11,0,58
BRDA:126,12,0,1
BRDA:134,13,0,63
BRDA:134,14,0,57
BRDA:137,15,0,46
BRDA:138,16,0,55
BRDA:140,17,0,3
BRDA:149,18,0,54
BRDA:150,19,0,1
BRDA:159,20,0,61
BRDA:159,21,0,53
BRDA:167,22,0,54
BRDA:172,23,0,1
BRDA:172,24,0,53
BRDA:176,25,0,1
BRDA:179,26,0,52
BRDA:180,27,0,50
BRDA:184,28,0,53
BRDA:186,29,0,3
BRDA:194,30,0,50
BRDA:202,31,0,2
BRDA:211,32,0,48
BRDA:234,33,0,2
BRDA:250,34,0,1
BRF:35
BRH:35
end_of_record
